Determining if the pthread_create exist failed with the following output:
Change Dir: /home/jetson/2024-Kudos-Hackthon/darknet_ws/build/catkin_tools_prebuild/CMakeFiles/CMakeTmp

Run Build Command:"/usr/bin/make" "cmTC_ef9ec/fast"
/usr/bin/make -f CMakeFiles/cmTC_ef9ec.dir/build.make CMakeFiles/cmTC_ef9ec.dir/build
make[1]: Entering directory '/home/jetson/2024-Kudos-Hackthon/darknet_ws/build/catkin_tools_prebuild/CMakeFiles/CMakeTmp'
Building C object CMakeFiles/cmTC_ef9ec.dir/CheckSymbolExists.c.o
/usr/bin/cc    -o CMakeFiles/cmTC_ef9ec.dir/CheckSymbolExists.c.o   -c /home/jetson/2024-Kudos-Hackthon/darknet_ws/build/catkin_tools_prebuild/CMakeFiles/CMakeTmp/CheckSymbolExists.c
Linking C executable cmTC_ef9ec
/usr/bin/cmake -E cmake_link_script CMakeFiles/cmTC_ef9ec.dir/link.txt --verbose=1
/usr/bin/cc      -rdynamic CMakeFiles/cmTC_ef9ec.dir/CheckSymbolExists.c.o  -o cmTC_ef9ec 
CMakeFiles/cmTC_ef9ec.dir/CheckSymbolExists.c.o: In function `main':
CheckSymbolExists.c:(.text+0x14): undefined reference to `pthread_create'
CheckSymbolExists.c:(.text+0x18): undefined reference to `pthread_create'
collect2: error: ld returned 1 exit status
CMakeFiles/cmTC_ef9ec.dir/build.make:97: recipe for target 'cmTC_ef9ec' failed
make[1]: *** [cmTC_ef9ec] Error 1
make[1]: Leaving directory '/home/jetson/2024-Kudos-Hackthon/darknet_ws/build/catkin_tools_prebuild/CMakeFiles/CMakeTmp'
Makefile:126: recipe for target 'cmTC_ef9ec/fast' failed
make: *** [cmTC_ef9ec/fast] Error 2

File /home/jetson/2024-Kudos-Hackthon/darknet_ws/build/catkin_tools_prebuild/CMakeFiles/CMakeTmp/CheckSymbolExists.c:
/* */
#include <pthread.h>

int main(int argc, char** argv)
{
  (void)argv;
#ifndef pthread_create
  return ((int*)(&pthread_create))[argc];
#else
  (void)argc;
  return 0;
#endif
}

Determining if the function pthread_create exists in the pthreads failed with the following output:
Change Dir: /home/jetson/2024-Kudos-Hackthon/darknet_ws/build/catkin_tools_prebuild/CMakeFiles/CMakeTmp

Run Build Command:"/usr/bin/make" "cmTC_9fd6b/fast"
/usr/bin/make -f CMakeFiles/cmTC_9fd6b.dir/build.make CMakeFiles/cmTC_9fd6b.dir/build
make[1]: Entering directory '/home/jetson/2024-Kudos-Hackthon/darknet_ws/build/catkin_tools_prebuild/CMakeFiles/CMakeTmp'
Building C object CMakeFiles/cmTC_9fd6b.dir/CheckFunctionExists.c.o
/usr/bin/cc   -DCHECK_FUNCTION_EXISTS=pthread_create   -o CMakeFiles/cmTC_9fd6b.dir/CheckFunctionExists.c.o   -c /usr/share/cmake-3.10/Modules/CheckFunctionExists.c
Linking C executable cmTC_9fd6b
/usr/bin/cmake -E cmake_link_script CMakeFiles/cmTC_9fd6b.dir/link.txt --verbose=1
/usr/bin/cc  -DCHECK_FUNCTION_EXISTS=pthread_create    -rdynamic CMakeFiles/cmTC_9fd6b.dir/CheckFunctionExists.c.o  -o cmTC_9fd6b -lpthreads 
/usr/bin/ld: cannot find -lpthreads
collect2: error: ld returned 1 exit status
CMakeFiles/cmTC_9fd6b.dir/build.make:97: recipe for target 'cmTC_9fd6b' failed
make[1]: *** [cmTC_9fd6b] Error 1
make[1]: Leaving directory '/home/jetson/2024-Kudos-Hackthon/darknet_ws/build/catkin_tools_prebuild/CMakeFiles/CMakeTmp'
Makefile:126: recipe for target 'cmTC_9fd6b/fast' failed
make: *** [cmTC_9fd6b/fast] Error 2


