Determining if the pthread_create exist failed with the following output:
Change Dir: /home/jetson/2024-Kudos-Hackthon/darknet_ws/build/darknet_ros/CMakeFiles/CMakeTmp

Run Build Command:"/usr/bin/make" "cmTC_88419/fast"
/usr/bin/make -f CMakeFiles/cmTC_88419.dir/build.make CMakeFiles/cmTC_88419.dir/build
make[1]: Entering directory '/home/jetson/2024-Kudos-Hackthon/darknet_ws/build/darknet_ros/CMakeFiles/CMakeTmp'
Building C object CMakeFiles/cmTC_88419.dir/CheckSymbolExists.c.o
/usr/bin/cc   -fPIC    -o CMakeFiles/cmTC_88419.dir/CheckSymbolExists.c.o   -c /home/jetson/2024-Kudos-Hackthon/darknet_ws/build/darknet_ros/CMakeFiles/CMakeTmp/CheckSymbolExists.c
Linking C executable cmTC_88419
/usr/bin/cmake -E cmake_link_script CMakeFiles/cmTC_88419.dir/link.txt --verbose=1
/usr/bin/cc -fPIC     -rdynamic CMakeFiles/cmTC_88419.dir/CheckSymbolExists.c.o  -o cmTC_88419 
CMakeFiles/cmTC_88419.dir/CheckSymbolExists.c.o: In function `main':
CheckSymbolExists.c:(.text+0x14): undefined reference to `pthread_create'
CheckSymbolExists.c:(.text+0x18): undefined reference to `pthread_create'
collect2: error: ld returned 1 exit status
CMakeFiles/cmTC_88419.dir/build.make:97: recipe for target 'cmTC_88419' failed
make[1]: *** [cmTC_88419] Error 1
make[1]: Leaving directory '/home/jetson/2024-Kudos-Hackthon/darknet_ws/build/darknet_ros/CMakeFiles/CMakeTmp'
Makefile:126: recipe for target 'cmTC_88419/fast' failed
make: *** [cmTC_88419/fast] Error 2

File /home/jetson/2024-Kudos-Hackthon/darknet_ws/build/darknet_ros/CMakeFiles/CMakeTmp/CheckSymbolExists.c:
/* */
#include <pthread.h>

int main(int argc, char** argv)
{
  (void)argv;
#ifndef pthread_create
  return ((int*)(&pthread_create))[argc];
#else
  (void)argc;
  return 0;
#endif
}

Determining if the function pthread_create exists in the pthreads failed with the following output:
Change Dir: /home/jetson/2024-Kudos-Hackthon/darknet_ws/build/darknet_ros/CMakeFiles/CMakeTmp

Run Build Command:"/usr/bin/make" "cmTC_17dca/fast"
/usr/bin/make -f CMakeFiles/cmTC_17dca.dir/build.make CMakeFiles/cmTC_17dca.dir/build
make[1]: Entering directory '/home/jetson/2024-Kudos-Hackthon/darknet_ws/build/darknet_ros/CMakeFiles/CMakeTmp'
Building C object CMakeFiles/cmTC_17dca.dir/CheckFunctionExists.c.o
/usr/bin/cc   -fPIC -DCHECK_FUNCTION_EXISTS=pthread_create   -o CMakeFiles/cmTC_17dca.dir/CheckFunctionExists.c.o   -c /usr/share/cmake-3.10/Modules/CheckFunctionExists.c
Linking C executable cmTC_17dca
/usr/bin/cmake -E cmake_link_script CMakeFiles/cmTC_17dca.dir/link.txt --verbose=1
/usr/bin/cc -fPIC -DCHECK_FUNCTION_EXISTS=pthread_create    -rdynamic CMakeFiles/cmTC_17dca.dir/CheckFunctionExists.c.o  -o cmTC_17dca -lpthreads 
/usr/bin/ld: cannot find -lpthreads
collect2: error: ld returned 1 exit status
CMakeFiles/cmTC_17dca.dir/build.make:97: recipe for target 'cmTC_17dca' failed
make[1]: *** [cmTC_17dca] Error 1
make[1]: Leaving directory '/home/jetson/2024-Kudos-Hackthon/darknet_ws/build/darknet_ros/CMakeFiles/CMakeTmp'
Makefile:126: recipe for target 'cmTC_17dca/fast' failed
make: *** [cmTC_17dca/fast] Error 2


