Determining if the pthread_create exist failed with the following output:
Change Dir: /home/jetson/2024-Kudos-Hackthon/darknet_ws/build/darknet_ros_msgs/CMakeFiles/CMakeTmp

Run Build Command:"/usr/bin/make" "cmTC_41950/fast"
/usr/bin/make -f CMakeFiles/cmTC_41950.dir/build.make CMakeFiles/cmTC_41950.dir/build
make[1]: Entering directory '/home/jetson/2024-Kudos-Hackthon/darknet_ws/build/darknet_ros_msgs/CMakeFiles/CMakeTmp'
Building C object CMakeFiles/cmTC_41950.dir/CheckSymbolExists.c.o
/usr/bin/cc    -o CMakeFiles/cmTC_41950.dir/CheckSymbolExists.c.o   -c /home/jetson/2024-Kudos-Hackthon/darknet_ws/build/darknet_ros_msgs/CMakeFiles/CMakeTmp/CheckSymbolExists.c
Linking C executable cmTC_41950
/usr/bin/cmake -E cmake_link_script CMakeFiles/cmTC_41950.dir/link.txt --verbose=1
/usr/bin/cc      -rdynamic CMakeFiles/cmTC_41950.dir/CheckSymbolExists.c.o  -o cmTC_41950 
CMakeFiles/cmTC_41950.dir/CheckSymbolExists.c.o: In function `main':
CheckSymbolExists.c:(.text+0x14): undefined reference to `pthread_create'
CheckSymbolExists.c:(.text+0x18): undefined reference to `pthread_create'
collect2: error: ld returned 1 exit status
CMakeFiles/cmTC_41950.dir/build.make:97: recipe for target 'cmTC_41950' failed
make[1]: *** [cmTC_41950] Error 1
make[1]: Leaving directory '/home/jetson/2024-Kudos-Hackthon/darknet_ws/build/darknet_ros_msgs/CMakeFiles/CMakeTmp'
Makefile:126: recipe for target 'cmTC_41950/fast' failed
make: *** [cmTC_41950/fast] Error 2

File /home/jetson/2024-Kudos-Hackthon/darknet_ws/build/darknet_ros_msgs/CMakeFiles/CMakeTmp/CheckSymbolExists.c:
/* */
#include <pthread.h>

int main(int argc, char** argv)
{
  (void)argv;
#ifndef pthread_create
  return ((int*)(&pthread_create))[argc];
#else
  (void)argc;
  return 0;
#endif
}

Determining if the function pthread_create exists in the pthreads failed with the following output:
Change Dir: /home/jetson/2024-Kudos-Hackthon/darknet_ws/build/darknet_ros_msgs/CMakeFiles/CMakeTmp

Run Build Command:"/usr/bin/make" "cmTC_dfc0e/fast"
/usr/bin/make -f CMakeFiles/cmTC_dfc0e.dir/build.make CMakeFiles/cmTC_dfc0e.dir/build
make[1]: Entering directory '/home/jetson/2024-Kudos-Hackthon/darknet_ws/build/darknet_ros_msgs/CMakeFiles/CMakeTmp'
Building C object CMakeFiles/cmTC_dfc0e.dir/CheckFunctionExists.c.o
/usr/bin/cc   -DCHECK_FUNCTION_EXISTS=pthread_create   -o CMakeFiles/cmTC_dfc0e.dir/CheckFunctionExists.c.o   -c /usr/share/cmake-3.10/Modules/CheckFunctionExists.c
Linking C executable cmTC_dfc0e
/usr/bin/cmake -E cmake_link_script CMakeFiles/cmTC_dfc0e.dir/link.txt --verbose=1
/usr/bin/cc  -DCHECK_FUNCTION_EXISTS=pthread_create    -rdynamic CMakeFiles/cmTC_dfc0e.dir/CheckFunctionExists.c.o  -o cmTC_dfc0e -lpthreads 
/usr/bin/ld: cannot find -lpthreads
collect2: error: ld returned 1 exit status
CMakeFiles/cmTC_dfc0e.dir/build.make:97: recipe for target 'cmTC_dfc0e' failed
make[1]: *** [cmTC_dfc0e] Error 1
make[1]: Leaving directory '/home/jetson/2024-Kudos-Hackthon/darknet_ws/build/darknet_ros_msgs/CMakeFiles/CMakeTmp'
Makefile:126: recipe for target 'cmTC_dfc0e/fast' failed
make: *** [cmTC_dfc0e/fast] Error 2


